<?xml version="1.0" encoding="UTF-8"?>
<!-- Generated by org.testng.reporters.JUnitXMLReporter -->
<testsuite ignored="1" hostname="CDXN-IT020484" failures="1" tests="5" name="ChromeTest" time="22.005" errors="0" timestamp="2021-08-22T13:57:37 PDT">
  <testcase classname="logintest.Loginfeature" name="LoginSuccessStdUser" time="1.888"/>
  <testcase classname="logintest.Loginfeature" name="loginLockedOutUser" time="0.986"/>
  <testcase classname="logintest.Loginfeature" name="loginPerformanceGlitch" time="6.388">
    <failure type="java.lang.AssertionError" message="Performance Issue - Page Load Time should be less than 50 milliseconds expected [true] but found [false]">
      <![CDATA[java.lang.AssertionError: Performance Issue - Page Load Time should be less than 50 milliseconds expected [true] but found [false]
at logintest.Loginfeature.loginPerformanceGlitch(Loginfeature.java:106)
at java.base/java.util.ArrayList.forEach(ArrayList.java:1511)
at java.base/java.util.concurrent.FutureTask.run(FutureTask.java:264)
at java.base/java.util.concurrent.ThreadPoolExecutor.runWorker(ThreadPoolExecutor.java:1130)
at java.base/java.util.concurrent.ThreadPoolExecutor$Worker.run(ThreadPoolExecutor.java:630)
at java.base/java.lang.Thread.run(Thread.java:831)
... Removed 21 stack frames]]>
    </failure>
  </testcase> <!-- loginPerformanceGlitch -->
  <testcase classname="logintest.Loginfeature" name="LoginIncorrectPassword" time="1.082"/>
  <testcase classname="logintest.Loginfeature" name="LoginMandatoryField" time="0.898"/>
  <testcase classname="logintest.Loginfeature" name="TestToFail" time="0.0">
    <ignored/>
  </testcase> <!-- TestToFail -->
</testsuite> <!-- ChromeTest -->
