<?xml version="1.0" encoding="UTF-8"?>
<testng-results ignored="2" total="12" passed="8" failed="2" skipped="0">
  <reporter-output>
    <line>
      <![CDATA[<a href='C:\Users\MauPatel\eclipse-workspace\SeleniumAutomation\screenshot\LoginSuccess_20210822135719.png'> <img src='C:\Users\MauPatel\eclipse-workspace\SeleniumAutomation\screenshot\LoginSuccess_20210822135719.png' height='100' width='100'/> </a>]]>
    </line>
    <line>
      <![CDATA[<a href='C:\Users\MauPatel\eclipse-workspace\SeleniumAutomation\screenshot\loginLockedOutUser_20210822135722.png'> <img src='C:\Users\MauPatel\eclipse-workspace\SeleniumAutomation\screenshot\loginLockedOutUser_20210822135722.png' height='100' width='100'/> </a>]]>
    </line>
    <line>
      <![CDATA[<a href='C:\Users\MauPatel\eclipse-workspace\SeleniumAutomation\screenshot\failure_20210822135730.png'> <img src='C:\Users\MauPatel\eclipse-workspace\SeleniumAutomation\screenshot\failure_20210822135730.png' height='100' width='100'/> </a>]]>
    </line>
    <line>
      <![CDATA[<a href='C:\Users\MauPatel\eclipse-workspace\SeleniumAutomation\screenshot\LoginIncorrectPassword_20210822135733.png'> <img src='C:\Users\MauPatel\eclipse-workspace\SeleniumAutomation\screenshot\LoginIncorrectPassword_20210822135733.png' height='100' width='100'/> </a>]]>
    </line>
    <line>
      <![CDATA[<a href='C:\Users\MauPatel\eclipse-workspace\SeleniumAutomation\screenshot\LoginMandatoryField_20210822135736.png'> <img src='C:\Users\MauPatel\eclipse-workspace\SeleniumAutomation\screenshot\LoginMandatoryField_20210822135736.png' height='100' width='100'/> </a>]]>
    </line>
    <line>
      <![CDATA[<a href='C:\Users\MauPatel\eclipse-workspace\SeleniumAutomation\screenshot\LoginSuccess_20210822135748.png'> <img src='C:\Users\MauPatel\eclipse-workspace\SeleniumAutomation\screenshot\LoginSuccess_20210822135748.png' height='100' width='100'/> </a>]]>
    </line>
    <line>
      <![CDATA[<a href='C:\Users\MauPatel\eclipse-workspace\SeleniumAutomation\screenshot\loginLockedOutUser_20210822135757.png'> <img src='C:\Users\MauPatel\eclipse-workspace\SeleniumAutomation\screenshot\loginLockedOutUser_20210822135757.png' height='100' width='100'/> </a>]]>
    </line>
    <line>
      <![CDATA[<a href='C:\Users\MauPatel\eclipse-workspace\SeleniumAutomation\screenshot\failure_20210822135809.png'> <img src='C:\Users\MauPatel\eclipse-workspace\SeleniumAutomation\screenshot\failure_20210822135809.png' height='100' width='100'/> </a>]]>
    </line>
    <line>
      <![CDATA[<a href='C:\Users\MauPatel\eclipse-workspace\SeleniumAutomation\screenshot\LoginIncorrectPassword_20210822135817.png'> <img src='C:\Users\MauPatel\eclipse-workspace\SeleniumAutomation\screenshot\LoginIncorrectPassword_20210822135817.png' height='100' width='100'/> </a>]]>
    </line>
    <line>
      <![CDATA[<a href='C:\Users\MauPatel\eclipse-workspace\SeleniumAutomation\screenshot\LoginMandatoryField_20210822135825.png'> <img src='C:\Users\MauPatel\eclipse-workspace\SeleniumAutomation\screenshot\LoginMandatoryField_20210822135825.png' height='100' width='100'/> </a>]]>
    </line>
  </reporter-output>
  <suite started-at="2021-08-22T13:57:15 PDT" name="aequilibriumTest" finished-at="2021-08-22T13:58:26 PDT" duration-ms="71314">
    <groups>
    </groups>
    <test started-at="2021-08-22T13:57:15 PDT" name="ChromeTest" finished-at="2021-08-22T13:57:37 PDT" duration-ms="22005">
      <class name="logintest.Loginfeature">
        <test-method is-config="true" signature="setup(java.lang.String)[pri:0, instance:logintest.Loginfeature@659a969b]" started-at="2021-08-22T13:57:15 PDT" name="setup" finished-at="2021-08-22T13:57:18 PDT" duration-ms="2916" status="PASS">
          <params>
            <param index="0">
              <value>
                <![CDATA[Chrome]]>
              </value>
            </param>
          </params>
          <reporter-output>
          </reporter-output>
        </test-method> <!-- setup -->
        <test-method signature="LoginSuccessStdUser()[pri:0, instance:logintest.Loginfeature@659a969b]" started-at="2021-08-22T13:57:18 PDT" name="LoginSuccessStdUser" finished-at="2021-08-22T13:57:19 PDT" duration-ms="1888" status="PASS">
          <reporter-output>
            <line>
              <![CDATA[<a href='C:\Users\MauPatel\eclipse-workspace\SeleniumAutomation\screenshot\LoginSuccess_20210822135719.png'> <img src='C:\Users\MauPatel\eclipse-workspace\SeleniumAutomation\screenshot\LoginSuccess_20210822135719.png' height='100' width='100'/> </a>]]>
            </line>
          </reporter-output>
        </test-method> <!-- LoginSuccessStdUser -->
        <test-method is-config="true" signature="closeBrowser()[pri:0, instance:logintest.Loginfeature@659a969b]" started-at="2021-08-22T13:57:19 PDT" name="closeBrowser" finished-at="2021-08-22T13:57:20 PDT" duration-ms="157" status="PASS">
          <reporter-output>
          </reporter-output>
        </test-method> <!-- closeBrowser -->
        <test-method is-config="true" signature="setup(java.lang.String)[pri:0, instance:logintest.Loginfeature@659a969b]" started-at="2021-08-22T13:57:20 PDT" name="setup" finished-at="2021-08-22T13:57:21 PDT" duration-ms="1655" status="PASS">
          <params>
            <param index="0">
              <value>
                <![CDATA[Chrome]]>
              </value>
            </param>
          </params>
          <reporter-output>
          </reporter-output>
        </test-method> <!-- setup -->
        <test-method signature="loginLockedOutUser()[pri:1, instance:logintest.Loginfeature@659a969b]" started-at="2021-08-22T13:57:21 PDT" name="loginLockedOutUser" finished-at="2021-08-22T13:57:22 PDT" duration-ms="986" status="PASS">
          <reporter-output>
            <line>
              <![CDATA[<a href='C:\Users\MauPatel\eclipse-workspace\SeleniumAutomation\screenshot\loginLockedOutUser_20210822135722.png'> <img src='C:\Users\MauPatel\eclipse-workspace\SeleniumAutomation\screenshot\loginLockedOutUser_20210822135722.png' height='100' width='100'/> </a>]]>
            </line>
          </reporter-output>
        </test-method> <!-- loginLockedOutUser -->
        <test-method is-config="true" signature="closeBrowser()[pri:0, instance:logintest.Loginfeature@659a969b]" started-at="2021-08-22T13:57:22 PDT" name="closeBrowser" finished-at="2021-08-22T13:57:22 PDT" duration-ms="102" status="PASS">
          <reporter-output>
          </reporter-output>
        </test-method> <!-- closeBrowser -->
        <test-method is-config="true" signature="setup(java.lang.String)[pri:0, instance:logintest.Loginfeature@659a969b]" started-at="2021-08-22T13:57:22 PDT" name="setup" finished-at="2021-08-22T13:57:24 PDT" duration-ms="1781" status="PASS">
          <params>
            <param index="0">
              <value>
                <![CDATA[Chrome]]>
              </value>
            </param>
          </params>
          <reporter-output>
          </reporter-output>
        </test-method> <!-- setup -->
        <test-method signature="loginPerformanceGlitch()[pri:2, instance:logintest.Loginfeature@659a969b]" started-at="2021-08-22T13:57:24 PDT" name="loginPerformanceGlitch" finished-at="2021-08-22T13:57:30 PDT" duration-ms="6388" status="FAIL">
          <exception class="java.lang.AssertionError">
            <message>
              <![CDATA[Performance Issue - Page Load Time should be less than 50 milliseconds expected [true] but found [false]]]>
            </message>
            <full-stacktrace>
              <![CDATA[java.lang.AssertionError: Performance Issue - Page Load Time should be less than 50 milliseconds expected [true] but found [false]
at org.testng.Assert.fail(Assert.java:99)
at org.testng.Assert.failNotEquals(Assert.java:1037)
at org.testng.Assert.assertTrue(Assert.java:45)
at logintest.Loginfeature.loginPerformanceGlitch(Loginfeature.java:106)
at java.base/jdk.internal.reflect.NativeMethodAccessorImpl.invoke0(Native Method)
at java.base/jdk.internal.reflect.NativeMethodAccessorImpl.invoke(NativeMethodAccessorImpl.java:78)
at java.base/jdk.internal.reflect.DelegatingMethodAccessorImpl.invoke(DelegatingMethodAccessorImpl.java:43)
at java.base/java.lang.reflect.Method.invoke(Method.java:567)
at org.testng.internal.MethodInvocationHelper.invokeMethod(MethodInvocationHelper.java:133)
at org.testng.internal.TestInvoker.invokeMethod(TestInvoker.java:598)
at org.testng.internal.TestInvoker.invokeTestMethod(TestInvoker.java:173)
at org.testng.internal.MethodRunner.runInSequence(MethodRunner.java:46)
at org.testng.internal.TestInvoker$MethodInvocationAgent.invoke(TestInvoker.java:824)
at org.testng.internal.TestInvoker.invokeTestMethods(TestInvoker.java:146)
at org.testng.internal.TestMethodWorker.invokeTestMethods(TestMethodWorker.java:146)
at org.testng.internal.TestMethodWorker.run(TestMethodWorker.java:128)
at java.base/java.util.ArrayList.forEach(ArrayList.java:1511)
at org.testng.TestRunner.privateRun(TestRunner.java:794)
at org.testng.TestRunner.run(TestRunner.java:596)
at org.testng.SuiteRunner.runTest(SuiteRunner.java:377)
at org.testng.SuiteRunner.access$000(SuiteRunner.java:28)
at org.testng.SuiteRunner$SuiteWorker.run(SuiteRunner.java:418)
at org.testng.internal.thread.ThreadUtil.lambda$execute$0(ThreadUtil.java:64)
at java.base/java.util.concurrent.FutureTask.run(FutureTask.java:264)
at java.base/java.util.concurrent.ThreadPoolExecutor.runWorker(ThreadPoolExecutor.java:1130)
at java.base/java.util.concurrent.ThreadPoolExecutor$Worker.run(ThreadPoolExecutor.java:630)
at java.base/java.lang.Thread.run(Thread.java:831)
]]>
            </full-stacktrace>
          </exception> <!-- java.lang.AssertionError -->
          <reporter-output>
            <line>
              <![CDATA[<a href='C:\Users\MauPatel\eclipse-workspace\SeleniumAutomation\screenshot\failure_20210822135730.png'> <img src='C:\Users\MauPatel\eclipse-workspace\SeleniumAutomation\screenshot\failure_20210822135730.png' height='100' width='100'/> </a>]]>
            </line>
          </reporter-output>
        </test-method> <!-- loginPerformanceGlitch -->
        <test-method is-config="true" signature="closeBrowser()[pri:0, instance:logintest.Loginfeature@659a969b]" started-at="2021-08-22T13:57:31 PDT" name="closeBrowser" finished-at="2021-08-22T13:57:31 PDT" duration-ms="134" status="PASS">
          <reporter-output>
          </reporter-output>
        </test-method> <!-- closeBrowser -->
        <test-method is-config="true" signature="setup(java.lang.String)[pri:0, instance:logintest.Loginfeature@659a969b]" started-at="2021-08-22T13:57:31 PDT" name="setup" finished-at="2021-08-22T13:57:32 PDT" duration-ms="1497" status="PASS">
          <params>
            <param index="0">
              <value>
                <![CDATA[Chrome]]>
              </value>
            </param>
          </params>
          <reporter-output>
          </reporter-output>
        </test-method> <!-- setup -->
        <test-method signature="LoginIncorrectPassword()[pri:3, instance:logintest.Loginfeature@659a969b]" started-at="2021-08-22T13:57:32 PDT" name="LoginIncorrectPassword" finished-at="2021-08-22T13:57:34 PDT" duration-ms="1082" status="PASS">
          <reporter-output>
            <line>
              <![CDATA[<a href='C:\Users\MauPatel\eclipse-workspace\SeleniumAutomation\screenshot\LoginIncorrectPassword_20210822135733.png'> <img src='C:\Users\MauPatel\eclipse-workspace\SeleniumAutomation\screenshot\LoginIncorrectPassword_20210822135733.png' height='100' width='100'/> </a>]]>
            </line>
          </reporter-output>
        </test-method> <!-- LoginIncorrectPassword -->
        <test-method is-config="true" signature="closeBrowser()[pri:0, instance:logintest.Loginfeature@659a969b]" started-at="2021-08-22T13:57:34 PDT" name="closeBrowser" finished-at="2021-08-22T13:57:34 PDT" duration-ms="110" status="PASS">
          <reporter-output>
          </reporter-output>
        </test-method> <!-- closeBrowser -->
        <test-method is-config="true" signature="setup(java.lang.String)[pri:0, instance:logintest.Loginfeature@659a969b]" started-at="2021-08-22T13:57:34 PDT" name="setup" finished-at="2021-08-22T13:57:36 PDT" duration-ms="1868" status="PASS">
          <params>
            <param index="0">
              <value>
                <![CDATA[Chrome]]>
              </value>
            </param>
          </params>
          <reporter-output>
          </reporter-output>
        </test-method> <!-- setup -->
        <test-method signature="LoginMandatoryField()[pri:4, instance:logintest.Loginfeature@659a969b]" started-at="2021-08-22T13:57:36 PDT" name="LoginMandatoryField" finished-at="2021-08-22T13:57:36 PDT" duration-ms="898" status="PASS">
          <reporter-output>
            <line>
              <![CDATA[<a href='C:\Users\MauPatel\eclipse-workspace\SeleniumAutomation\screenshot\LoginMandatoryField_20210822135736.png'> <img src='C:\Users\MauPatel\eclipse-workspace\SeleniumAutomation\screenshot\LoginMandatoryField_20210822135736.png' height='100' width='100'/> </a>]]>
            </line>
          </reporter-output>
        </test-method> <!-- LoginMandatoryField -->
        <test-method is-config="true" signature="closeBrowser()[pri:0, instance:logintest.Loginfeature@659a969b]" started-at="2021-08-22T13:57:36 PDT" name="closeBrowser" finished-at="2021-08-22T13:57:37 PDT" duration-ms="131" status="PASS">
          <reporter-output>
          </reporter-output>
        </test-method> <!-- closeBrowser -->
      </class> <!-- logintest.Loginfeature -->
    </test> <!-- ChromeTest -->
    <test started-at="2021-08-22T13:57:37 PDT" name="FirefoxTest" finished-at="2021-08-22T13:58:26 PDT" duration-ms="49255">
      <class name="logintest.Loginfeature">
        <test-method is-config="true" signature="setup(java.lang.String)[pri:0, instance:logintest.Loginfeature@123ef382]" started-at="2021-08-22T13:57:37 PDT" name="setup" finished-at="2021-08-22T13:57:47 PDT" duration-ms="10083" status="PASS">
          <params>
            <param index="0">
              <value>
                <![CDATA[Firefox]]>
              </value>
            </param>
          </params>
          <reporter-output>
          </reporter-output>
        </test-method> <!-- setup -->
        <test-method signature="LoginSuccessStdUser()[pri:0, instance:logintest.Loginfeature@123ef382]" started-at="2021-08-22T13:57:47 PDT" name="LoginSuccessStdUser" finished-at="2021-08-22T13:57:49 PDT" duration-ms="1897" status="PASS">
          <reporter-output>
            <line>
              <![CDATA[<a href='C:\Users\MauPatel\eclipse-workspace\SeleniumAutomation\screenshot\LoginSuccess_20210822135748.png'> <img src='C:\Users\MauPatel\eclipse-workspace\SeleniumAutomation\screenshot\LoginSuccess_20210822135748.png' height='100' width='100'/> </a>]]>
            </line>
          </reporter-output>
        </test-method> <!-- LoginSuccessStdUser -->
        <test-method is-config="true" signature="closeBrowser()[pri:0, instance:logintest.Loginfeature@123ef382]" started-at="2021-08-22T13:57:49 PDT" name="closeBrowser" finished-at="2021-08-22T13:57:50 PDT" duration-ms="1425" status="PASS">
          <reporter-output>
          </reporter-output>
        </test-method> <!-- closeBrowser -->
        <test-method is-config="true" signature="setup(java.lang.String)[pri:0, instance:logintest.Loginfeature@123ef382]" started-at="2021-08-22T13:57:50 PDT" name="setup" finished-at="2021-08-22T13:57:56 PDT" duration-ms="5683" status="PASS">
          <params>
            <param index="0">
              <value>
                <![CDATA[Firefox]]>
              </value>
            </param>
          </params>
          <reporter-output>
          </reporter-output>
        </test-method> <!-- setup -->
        <test-method signature="loginLockedOutUser()[pri:1, instance:logintest.Loginfeature@123ef382]" started-at="2021-08-22T13:57:56 PDT" name="loginLockedOutUser" finished-at="2021-08-22T13:57:57 PDT" duration-ms="1119" status="PASS">
          <reporter-output>
            <line>
              <![CDATA[<a href='C:\Users\MauPatel\eclipse-workspace\SeleniumAutomation\screenshot\loginLockedOutUser_20210822135757.png'> <img src='C:\Users\MauPatel\eclipse-workspace\SeleniumAutomation\screenshot\loginLockedOutUser_20210822135757.png' height='100' width='100'/> </a>]]>
            </line>
          </reporter-output>
        </test-method> <!-- loginLockedOutUser -->
        <test-method is-config="true" signature="closeBrowser()[pri:0, instance:logintest.Loginfeature@123ef382]" started-at="2021-08-22T13:57:57 PDT" name="closeBrowser" finished-at="2021-08-22T13:57:58 PDT" duration-ms="977" status="PASS">
          <reporter-output>
          </reporter-output>
        </test-method> <!-- closeBrowser -->
        <test-method is-config="true" signature="setup(java.lang.String)[pri:0, instance:logintest.Loginfeature@123ef382]" started-at="2021-08-22T13:57:58 PDT" name="setup" finished-at="2021-08-22T13:58:03 PDT" duration-ms="5611" status="PASS">
          <params>
            <param index="0">
              <value>
                <![CDATA[Firefox]]>
              </value>
            </param>
          </params>
          <reporter-output>
          </reporter-output>
        </test-method> <!-- setup -->
        <test-method signature="loginPerformanceGlitch()[pri:2, instance:logintest.Loginfeature@123ef382]" started-at="2021-08-22T13:58:03 PDT" name="loginPerformanceGlitch" finished-at="2021-08-22T13:58:09 PDT" duration-ms="5932" status="FAIL">
          <exception class="java.lang.AssertionError">
            <message>
              <![CDATA[Performance Issue - Page Load Time should be less than 50 milliseconds expected [true] but found [false]]]>
            </message>
            <full-stacktrace>
              <![CDATA[java.lang.AssertionError: Performance Issue - Page Load Time should be less than 50 milliseconds expected [true] but found [false]
at org.testng.Assert.fail(Assert.java:99)
at org.testng.Assert.failNotEquals(Assert.java:1037)
at org.testng.Assert.assertTrue(Assert.java:45)
at logintest.Loginfeature.loginPerformanceGlitch(Loginfeature.java:106)
at java.base/jdk.internal.reflect.NativeMethodAccessorImpl.invoke0(Native Method)
at java.base/jdk.internal.reflect.NativeMethodAccessorImpl.invoke(NativeMethodAccessorImpl.java:78)
at java.base/jdk.internal.reflect.DelegatingMethodAccessorImpl.invoke(DelegatingMethodAccessorImpl.java:43)
at java.base/java.lang.reflect.Method.invoke(Method.java:567)
at org.testng.internal.MethodInvocationHelper.invokeMethod(MethodInvocationHelper.java:133)
at org.testng.internal.TestInvoker.invokeMethod(TestInvoker.java:598)
at org.testng.internal.TestInvoker.invokeTestMethod(TestInvoker.java:173)
at org.testng.internal.MethodRunner.runInSequence(MethodRunner.java:46)
at org.testng.internal.TestInvoker$MethodInvocationAgent.invoke(TestInvoker.java:824)
at org.testng.internal.TestInvoker.invokeTestMethods(TestInvoker.java:146)
at org.testng.internal.TestMethodWorker.invokeTestMethods(TestMethodWorker.java:146)
at org.testng.internal.TestMethodWorker.run(TestMethodWorker.java:128)
at java.base/java.util.ArrayList.forEach(ArrayList.java:1511)
at org.testng.TestRunner.privateRun(TestRunner.java:794)
at org.testng.TestRunner.run(TestRunner.java:596)
at org.testng.SuiteRunner.runTest(SuiteRunner.java:377)
at org.testng.SuiteRunner.access$000(SuiteRunner.java:28)
at org.testng.SuiteRunner$SuiteWorker.run(SuiteRunner.java:418)
at org.testng.internal.thread.ThreadUtil.lambda$execute$0(ThreadUtil.java:64)
at java.base/java.util.concurrent.FutureTask.run(FutureTask.java:264)
at java.base/java.util.concurrent.ThreadPoolExecutor.runWorker(ThreadPoolExecutor.java:1130)
at java.base/java.util.concurrent.ThreadPoolExecutor$Worker.run(ThreadPoolExecutor.java:630)
at java.base/java.lang.Thread.run(Thread.java:831)
]]>
            </full-stacktrace>
          </exception> <!-- java.lang.AssertionError -->
          <reporter-output>
            <line>
              <![CDATA[<a href='C:\Users\MauPatel\eclipse-workspace\SeleniumAutomation\screenshot\failure_20210822135809.png'> <img src='C:\Users\MauPatel\eclipse-workspace\SeleniumAutomation\screenshot\failure_20210822135809.png' height='100' width='100'/> </a>]]>
            </line>
          </reporter-output>
        </test-method> <!-- loginPerformanceGlitch -->
        <test-method is-config="true" signature="closeBrowser()[pri:0, instance:logintest.Loginfeature@123ef382]" started-at="2021-08-22T13:58:10 PDT" name="closeBrowser" finished-at="2021-08-22T13:58:11 PDT" duration-ms="1219" status="PASS">
          <reporter-output>
          </reporter-output>
        </test-method> <!-- closeBrowser -->
        <test-method is-config="true" signature="setup(java.lang.String)[pri:0, instance:logintest.Loginfeature@123ef382]" started-at="2021-08-22T13:58:11 PDT" name="setup" finished-at="2021-08-22T13:58:16 PDT" duration-ms="5116" status="PASS">
          <params>
            <param index="0">
              <value>
                <![CDATA[Firefox]]>
              </value>
            </param>
          </params>
          <reporter-output>
          </reporter-output>
        </test-method> <!-- setup -->
        <test-method signature="LoginIncorrectPassword()[pri:3, instance:logintest.Loginfeature@123ef382]" started-at="2021-08-22T13:58:16 PDT" name="LoginIncorrectPassword" finished-at="2021-08-22T13:58:17 PDT" duration-ms="1056" status="PASS">
          <reporter-output>
            <line>
              <![CDATA[<a href='C:\Users\MauPatel\eclipse-workspace\SeleniumAutomation\screenshot\LoginIncorrectPassword_20210822135817.png'> <img src='C:\Users\MauPatel\eclipse-workspace\SeleniumAutomation\screenshot\LoginIncorrectPassword_20210822135817.png' height='100' width='100'/> </a>]]>
            </line>
          </reporter-output>
        </test-method> <!-- LoginIncorrectPassword -->
        <test-method is-config="true" signature="closeBrowser()[pri:0, instance:logintest.Loginfeature@123ef382]" started-at="2021-08-22T13:58:17 PDT" name="closeBrowser" finished-at="2021-08-22T13:58:18 PDT" duration-ms="964" status="PASS">
          <reporter-output>
          </reporter-output>
        </test-method> <!-- closeBrowser -->
        <test-method is-config="true" signature="setup(java.lang.String)[pri:0, instance:logintest.Loginfeature@123ef382]" started-at="2021-08-22T13:58:18 PDT" name="setup" finished-at="2021-08-22T13:58:24 PDT" duration-ms="5662" status="PASS">
          <params>
            <param index="0">
              <value>
                <![CDATA[Firefox]]>
              </value>
            </param>
          </params>
          <reporter-output>
          </reporter-output>
        </test-method> <!-- setup -->
        <test-method signature="LoginMandatoryField()[pri:4, instance:logintest.Loginfeature@123ef382]" started-at="2021-08-22T13:58:24 PDT" name="LoginMandatoryField" finished-at="2021-08-22T13:58:25 PDT" duration-ms="981" status="PASS">
          <reporter-output>
            <line>
              <![CDATA[<a href='C:\Users\MauPatel\eclipse-workspace\SeleniumAutomation\screenshot\LoginMandatoryField_20210822135825.png'> <img src='C:\Users\MauPatel\eclipse-workspace\SeleniumAutomation\screenshot\LoginMandatoryField_20210822135825.png' height='100' width='100'/> </a>]]>
            </line>
          </reporter-output>
        </test-method> <!-- LoginMandatoryField -->
        <test-method is-config="true" signature="closeBrowser()[pri:0, instance:logintest.Loginfeature@123ef382]" started-at="2021-08-22T13:58:25 PDT" name="closeBrowser" finished-at="2021-08-22T13:58:26 PDT" duration-ms="996" status="PASS">
          <reporter-output>
          </reporter-output>
        </test-method> <!-- closeBrowser -->
      </class> <!-- logintest.Loginfeature -->
    </test> <!-- FirefoxTest -->
  </suite> <!-- aequilibriumTest -->
</testng-results>
